source/app/build/outputs/mapping/release/seeds.txt
app.vercel.local_genius_guide.twa.DelegationService
app.vercel.local_genius_guide.twa.LauncherActivity
app.vercel.local_genius_guide.twa.Application
app.vercel.local_genius_guide.twa.Application: Application()
app.vercel.local_genius_guide.twa.LauncherActivity: LauncherActivity()
app.vercel.local_genius_guide.twa.DelegationService: DelegationService()
...
androidx.lifecycle.ReportFragment$LifecycleCallbacks: void registerIn(android.app.Activity)
androidx.appcompat.widget.AppCompatTextView: void setAllCaps(boolean)
androidx.appcompat.widget.AppCompatSpinner: void setPopupBackgroundDrawable(android.graphics.drawable.Drawable)
androidx.appcompat.widget.AppCompatImageButton: void setSupportBackgroundTintList(android.content.res.ColorStateList)
androidx.vectordrawable.graphics.drawable.VectorDrawableCompat$VGroup: float getTranslateY()
androidx.core.view.ViewParentCompat$Api21Impl: void onNestedScroll(android.view.ViewParent,android.view.View,int,int,int,int)
androidx.core.view.WindowInsetsCompat$Impl28: androidx.core.view.DisplayCutoutCompat getDisplayCutout()
androidx.vectordrawable.graphics.drawable.VectorDrawableCompat$VGroup: float getScaleY()
androidx.constraintlayout.widget.Barrier: int getMargin()
androidx.appcompat.widget.AppCompatToggleButton: void setEmojiCompatEnabled(boolean)
androidx.core.view.ViewCompat$Api21Impl: void setNestedScrollingEnabled(android.view.View,boolean)
androidx.activity.EdgeToEdgeApi21: void setUp(androidx.activity.SystemBarStyle,androidx.activity.SystemBarStyle,android.view.Window,android.view.View,boolean,boolean)
androidx.appcompat.widget.AppCompatReceiveContentHelper$OnDropApi24Impl: boolean onDropForTextView(android.view.DragEvent,android.widget.TextView,android.app.Activity)
androidx.appcompat.widget.ActionBarOverlayLayout: ActionBarOverlayLayout(android.content.Context,android.util.AttributeSet)
androidx.appcompat.app.AppCompatDelegateImpl$Api24Impl: void setDefaultLocales(androidx.core.os.LocaleListCompat)
androidx.fragment.app.strictmode.FragmentStrictMode$Flag: androidx.fragment.app.strictmode.FragmentStrictMode$Flag valueOf(java.lang.String)
androidx.appcompat.widget.AppCompatRadioButton: android.graphics.PorterDuff$Mode getSupportButtonTintMode()
androidx.appcompat.app.AppCompatDelegateImpl$Api24Impl: void setLocales(android.content.res.Configuration,androidx.core.os.LocaleListCompat)
androidx.core.view.WindowInsetsCompat$BuilderImpl: void applyInsetTypes()
androidx.appcompat.widget.SearchView$SearchAutoComplete: void setSearchView(androidx.appcompat.widget.SearchView)
androidx.core.view.WindowInsetsCompat$Impl: void copyRootViewBounds(android.view.View)
androidx.core.view.WindowInsetsCompat$Impl30: WindowInsetsCompat$Impl30(androidx.core.view.WindowInsetsCompat,android.view.WindowInsets)
androidx.core.view.WindowInsetsCompat$Impl: boolean isRound()
androidx.core.content.res.ResourcesCompat$ThemeCompat$Api29Impl: void rebase(android.content.res.Resources$Theme)
androidx.core.view.ViewCompat$Api21Impl$1: ViewCompat$Api21Impl$1(android.view.View,androidx.core.view.OnApplyWindowInsetsListener)
androidx.appcompat.widget.AppCompatEditText: void setKeyListener(android.text.method.KeyListener)
androidx.appcompat.widget.AppCompatCheckedTextView: void setSupportBackgroundTintMode(android.graphics.PorterDuff$Mode)
androidx.core.widget.EdgeEffectCompat$Api31Impl: android.widget.EdgeEffect create(android.content.Context,android.util.AttributeSet)
androidx.appcompat.widget.ActionBarOverlayLayout: void setShowingForActionMode(boolean)
androidx.appcompat.widget.AppCompatEditText: void setSupportCompoundDrawablesTintMode(android.graphics.PorterDuff$Mode)
androidx.appcompat.widget.AppCompatButton: int getAutoSizeStepGranularity()
androidx.appcompat.widget.AppCompatAutoCompleteTextView: android.graphics.PorterDuff$Mode getSupportCompoundDrawablesTintMode()
androidx.core.view.accessibility.AccessibilityNodeInfoCompat$Api33Impl: android.view.accessibility.AccessibilityNodeInfo$ExtraRenderingInfo getExtraRenderingInfo(android.view.accessibility.AccessibilityNodeInfo)
androidx.appcompat.widget.AppCompatCheckBox: void setAllCaps(boolean)
androidx.appcompat.widget.Toolbar: java.lang.CharSequence getLogoDescription()
androidx.appcompat.widget.Toolbar: void setTitleMarginStart(int)