source/app/build/outputs/mapping/release/mapping.txt
# compiler: R8
# compiler_version: 8.9.32
# min_api: 23
# common_typos_disable
# {"id":"com.android.tools.r8.mapping","version":"2.2"}
# pg_map_id: 70f5a7c
# pg_map_hash: SHA-256 70f5a7c69efc1cac91481daa30072e9dce42b17d80e6814f6cae39d9ed3fdcbf
app.vercel.local_genius_guide.twa.Application -> app.vercel.local_genius_guide.twa.Application:
# {"id":"sourceFile","fileName":"Application.java"}
    1:4:void <init>():20:20 -> <init>
    1:4:void onCreate():26:26 -> onCreate
app.vercel.local_genius_guide.twa.DelegationService -> app.vercel.local_genius_guide.twa.DelegationService:
# {"id":"sourceFile","fileName":"DelegationService.java"}
    1:4:void <init>():5:5 -> <init>
    1:4:void onCreate():9:9 -> onCreate
app.vercel.local_genius_guide.twa.InsetHelper -> R.a:
# {"id":"sourceFile","fileName":"InsetHelper.java"}
    android.content.Context context -> a
    int lastTopInset -> b
    int lastBottomInset -> c
    int lastLeftInset -> d
    int lastRightInset -> e
    1:4:void <init>(android.content.Context):14:14 -> <init>
    5:6:void <init>(android.content.Context):9:9 -> <init>
    7:8:void <init>(android.content.Context):10:10 -> <init>
    9:10:void <init>(android.content.Context):11:11 -> <init>
    11:12:void <init>(android.content.Context):12:12 -> <init>
    13:15:void <init>(android.content.Context):15:15 -> <init>
    1:8:void applyInsets(android.webkit.WebView,androidx.core.graphics.Insets,androidx.core.graphics.Insets,androidx.core.graphics.Insets):20:20 -> a
      # {"id":"com.android.tools.r8.residualsignature","signature":"(Landroid/webkit/WebView;Landroidx/core/graphics/f;Landroidx/core/graphics/f;Landroidx/core/graphics/f;)V"}
    9:22:void applyInsets(android.webkit.WebView,androidx.core.graphics.Insets,androidx.core.graphics.Insets,androidx.core.graphics.Insets):21:21 -> a
    23:30:void applyInsets(android.webkit.WebView,androidx.core.graphics.Insets,androidx.core.graphics.Insets,androidx.core.graphics.Insets):22:22 -> a
    31:38:void applyInsets(android.webkit.WebView,androidx.core.graphics.Insets,androidx.core.graphics.Insets,androidx.core.graphics.Insets):23:23 -> a
app.vercel.local_genius_guide.twa.LauncherActivity -> app.vercel.local_genius_guide.twa.LauncherActivity:
# {"id":"sourceFile","fileName":"LauncherActivity.java"}
    android.webkit.WebView webView -> D
    app.vercel.local_genius_guide.twa.InsetHelper insetHelper -> E
      # {"id":"com.android.tools.r8.residualsignature","signature":"LR/a;"}
    1:4:void <init>():30:30 -> <init>
    1:8:void onBackPressed():129:129 -> onBackPressed
    9:14:void onBackPressed():130:130 -> onBackPressed
    15:18:void onBackPressed():132:132 -> onBackPressed
    1:3:void onCreate(android.os.Bundle):37:37 -> onCreate
    4:6:void onCreate(android.os.Bundle):38:38 -> onCreate
    7:11:void onCreate(android.os.Bundle):39:39 -> onCreate
    12:18:void onCreate(android.os.Bundle):42:42 -> onCreate
    19:21:void onCreate(android.os.Bundle):45:45 -> onCreate
    22:24:void onCreate(android.os.Bundle):48:48 -> onCreate
    25:28:void onCreate(android.os.Bundle):51:51 -> onCreate
    1:4:void onDestroy():150:150 -> onDestroy
    5:7:void onDestroy():151:151 -> onDestroy
    8:11:void onDestroy():153:153 -> onDestroy
    1:3:void onPause():144:144 -> onPause
    4:9:void onPause():145:145 -> onPause
    1:3:void onResume():138:138 -> onResume
    4:9:void onResume():139:139 -> onResume
    4:11:androidx.core.view.WindowInsetsCompat lambda$setupWindowInsets$0(android.view.View,androidx.core.view.WindowInsetsCompat):94:94 -> u0
...
androidx.appcompat.view.StandaloneActionMode -> androidx.appcompat.view.e:
# {"id":"sourceFile","fileName":"StandaloneActionMode.java"}
    android.content.Context mContext -> c
    androidx.appcompat.widget.ActionBarContextView mContextView -> d
    androidx.appcompat.view.ActionMode$Callback mCallback -> e
      # {"id":"com.android.tools.r8.residualsignature","signature":"Landroidx/appcompat/view/b$a;"}
    java.lang.ref.WeakReference mCustomView -> f
    boolean mFinished -> g
    boolean mFocusable -> h
    androidx.appcompat.view.menu.MenuBuilder mMenu -> i
      # {"id":"com.android.tools.r8.residualsignature","signature":"Landroidx/appcompat/view/menu/e;"}
    1:3:void <init>(android.content.Context,androidx.appcompat.widget.ActionBarContextView,androidx.appcompat.view.ActionMode$Callback,boolean):49:49 -> <init>
      # {"id":"com.android.tools.r8.residualsignature","signature":"(Landroid/content/Context;Landroidx/appcompat/widget/ActionBarContextView;Landroidx/appcompat/view/b$a;Z)V"}
    4:5:void <init>(android.content.Context,androidx.appcompat.widget.ActionBarContextView,androidx.appcompat.view.ActionMode$Callback,boolean):50:50 -> <init>
    6:7:void <init>(android.content.Context,androidx.appcompat.widget.ActionBarContextView,androidx.appcompat.view.ActionMode$Callback,boolean):51:51 -> <init>
    8:9:void <init>(android.content.Context,androidx.appcompat.widget.ActionBarContextView,androidx.appcompat.view.ActionMode$Callback,boolean):52:52 -> <init>
androidx.appcompat.view.SupportActionModeWrapper -> androidx.appcompat.view.f:
# {"id":"sourceFile","fileName":"SupportActionModeWrapper.java"}
    android.content.Context mContext -> a
    androidx.appcompat.view.ActionMode mWrappedObject -> b
      # {"id":"com.android.tools.r8.residualsignature","signature":"Landroidx/appcompat/view/b;"}
    1:3:void <init>(android.content.Context,androidx.appcompat.view.ActionMode):48:48 -> <init>
      # {"id":"com.android.tools.r8.residualsignature","signature":"(Landroid/content/Context;Landroidx/appcompat/view/b;)V"}
    4:5:void <init>(android.content.Context,androidx.appcompat.view.ActionMode):49:49 -> <init>
    6:8:void <init>(android.content.Context,androidx.appcompat.view.ActionMode):50:50 -> <init>
    1:6:void finish():80:80 -> finish
    1:7:android.view.View getCustomView():110:110 -> getCustomView
    1:16:android.view.Menu getMenu():85:85 -> getMenu
    1:7:android.view.MenuInflater getMenuInflater():120:120 -> getMenuInflater
    1:7:java.lang.CharSequence getSubtitle():100:100 -> getSubtitle
    1:7:java.lang.Object getTag():55:55 -> getTag
    1:7:java.lang.CharSequence getTitle():90:90 -> getTitle
    1:7:boolean getTitleOptionalHint():125:125 -> getTitleOptionalHint
    1:6:void invalidate():75:75 -> invalidate
    1:7:boolean isTitleOptional():135:135 -> isTitleOptional
    1:6:void setCustomView(android.view.View):115:115 -> setCustomView
    1:1:void setSubtitle(java.lang.CharSequence):70:70 -> setSubtitle