source/app/build/outputs/mapping/release/usage.txt
app.vercel.local_genius_guide.twa.R$bool
app.vercel.local_genius_guide.twa.R$color
app.vercel.local_genius_guide.twa.R$drawable
app.vercel.local_genius_guide.twa.R$id:
    private void <init>()
app.vercel.local_genius_guide.twa.R$integer
app.vercel.local_genius_guide.twa.R$layout:
    private void <init>()
app.vercel.local_genius_guide.twa.R$mipmap
app.vercel.local_genius_guide.twa.R$raw
app.vercel.local_genius_guide.twa.R$string
app.vercel.local_genius_guide.twa.R$style
app.vercel.local_genius_guide.twa.R$xml
app.vercel.local_genius_guide.twa.R
...
kotlinx.coroutines.channels.ChannelsKt__DeprecatedKt$elementAt$1
kotlinx.coroutines.channels.ChannelsKt__DeprecatedKt$elementAtOrNull$1
kotlinx.coroutines.channels.ChannelsKt__DeprecatedKt$filter$1
kotlinx.coroutines.channels.ChannelsKt__DeprecatedKt$filterIndexed$1
kotlinx.coroutines.channels.ChannelsKt__DeprecatedKt$filterNot$1
kotlinx.coroutines.channels.ChannelsKt__DeprecatedKt$filterNotNull$1
kotlinx.coroutines.channels.ChannelsKt__DeprecatedKt$filterNotNullTo$1
kotlinx.coroutines.channels.ChannelsKt__DeprecatedKt$filterNotNullTo$3
kotlinx.coroutines.channels.ChannelsKt__DeprecatedKt$first$1
kotlinx.coroutines.channels.ChannelsKt__DeprecatedKt$firstOrNull$1
kotlinx.coroutines.channels.ChannelsKt__DeprecatedKt$flatMap$1
kotlinx.coroutines.channels.ChannelsKt__DeprecatedKt$indexOf$1
kotlinx.coroutines.channels.ChannelsKt__DeprecatedKt$last$1
kotlinx.coroutines.channels.ChannelsKt__DeprecatedKt$lastIndexOf$1
kotlinx.coroutines.channels.ChannelsKt__DeprecatedKt$lastOrNull$1
kotlinx.coroutines.channels.ChannelsKt__DeprecatedKt$map$1
kotlinx.coroutines.channels.ChannelsKt__DeprecatedKt$mapIndexed$1
kotlinx.coroutines.channels.ChannelsKt__DeprecatedKt$maxWith$1
kotlinx.coroutines.channels.ChannelsKt__DeprecatedKt$minWith$1
kotlinx.coroutines.channels.ChannelsKt__DeprecatedKt$none$1
kotlinx.coroutines.channels.ChannelsKt__DeprecatedKt$requireNoNulls$1
kotlinx.coroutines.channels.ChannelsKt__DeprecatedKt$single$1
kotlinx.coroutines.channels.ChannelsKt__DeprecatedKt$singleOrNull$1
kotlinx.coroutines.channels.ChannelsKt__DeprecatedKt$take$1
kotlinx.coroutines.channels.ChannelsKt__DeprecatedKt$takeWhile$1
kotlinx.coroutines.channels.ChannelsKt__DeprecatedKt$toChannel$1
kotlinx.coroutines.channels.ChannelsKt__DeprecatedKt$toCollection$1
kotlinx.coroutines.channels.ChannelsKt__DeprecatedKt$toMap$2
kotlinx.coroutines.channels.ChannelsKt__DeprecatedKt$withIndex$1
kotlinx.coroutines.channels.ChannelsKt__DeprecatedKt$zip$1
kotlinx.coroutines.channels.ChannelsKt__DeprecatedKt$zip$2
kotlinx.coroutines.channels.ChannelsKt__DeprecatedKt
kotlinx.coroutines.channels.ClosedReceiveChannelException
kotlinx.coroutines.channels.ClosedSendChannelException
kotlinx.coroutines.channels.ConflatedBroadcastChannel
kotlinx.coroutines.channels.ConflatedBufferedChannel
kotlinx.coroutines.channels.LazyActorCoroutine$onSend$1
kotlinx.coroutines.channels.LazyActorCoroutine
kotlinx.coroutines.channels.LazyBroadcastCoroutine
kotlinx.coroutines.channels.ProduceKt$awaitClose$1
kotlinx.coroutines.channels.ProduceKt$awaitClose$2
kotlinx.coroutines.channels.ProduceKt$awaitClose$4$1
kotlinx.coroutines.channels.ProduceKt
kotlinx.coroutines.channels.ProducerCoroutine
kotlinx.coroutines.channels.ProducerScope$DefaultImpls
kotlinx.coroutines.channels.ProducerScope
kotlinx.coroutines.channels.ReceiveCatching
kotlinx.coroutines.channels.ReceiveChannel$DefaultImpls
kotlinx.coroutines.channels.ReceiveChannel$receiveOrNull$1
kotlinx.coroutines.channels.ReceiveChannel
kotlinx.coroutines.channels.SendChannel$DefaultImpls
kotlinx.coroutines.channels.SendChannel
kotlinx.coroutines.channels.TickerChannelsKt$fixedDelayTicker$1
kotlinx.coroutines.channels.TickerChannelsKt$fixedPeriodTicker$1
kotlinx.coroutines.channels.TickerChannelsKt$ticker$3$WhenMappings
kotlinx.coroutines.channels.TickerChannelsKt$ticker$3
kotlinx.coroutines.channels.TickerChannelsKt
kotlinx.coroutines.channels.TickerMode
kotlinx.coroutines.channels.WaiterEB
kotlinx.coroutines.debug.AgentPremain$DebugProbesTransformer
kotlinx.coroutines.debug.AgentPremain
kotlinx.coroutines.debug.internal.AgentInstallationType
kotlinx.coroutines.debug.internal.ConcurrentWeakMap$Core$KeyValueIterator
kotlinx.coroutines.debug.internal.ConcurrentWeakMap$Core
kotlinx.coroutines.debug.internal.ConcurrentWeakMap$Entry
kotlinx.coroutines.debug.internal.ConcurrentWeakMap$KeyValueSet
kotlinx.coroutines.debug.internal.ConcurrentWeakMap$entries$1
kotlinx.coroutines.debug.internal.ConcurrentWeakMap$keys$1